[2025-05-13T14:27:42.619572200] ERR000 - Duplicate entry '' for key 'PRIMARY'
[2025-05-13T14:28:36.803584900] ERR000 - Duplicate entry '' for key 'PRIMARY'
[2025-05-13T14:41:14.133390] ERR001 - Campos vacíos
[2025-05-13T14:48:29.291572900] ERR001 - Campos vacíos
[2025-05-13T14:49:35.513539500] ERR001 - Campos vacíos
[2025-05-13T14:53:55.058061200] ERR103 - Duplicate entry 'juan123' for key 'PRIMARY'
[2025-05-13T14:54:50.811630100] ERR103 - Duplicate entry 'juan123' for key 'PRIMARY'
[2025-05-13T14:55:00.485875800] ERR001 - Campos vacíos
[2025-05-13T14:56:46.574470800] ERR001 - Campos vacíos
[2025-05-13T14:56:54.240375800] ERR103 - Duplicate entry 'juan123' for key 'PRIMARY'
[2025-05-13T14:59:55.837811] ERR001 - Campos vacíos
[2025-05-13T15:00:01.804710100] ERR001 - Campos vacíos
[2025-05-13T15:00:53.796890100] ERR103 - Duplicate entry 'juan123' for key 'PRIMARY'
[2025-05-13T15:01:22.614030900] ERR001 - Campos vacíos
[2025-05-13T15:01:32.338219500] ERR103 - Duplicate entry 'juan123' for key 'PRIMARY'
[2025-05-13T15:03:57.145517200] ERR001 - Campos vacíos
[2025-05-13T15:04:06.005683100] ERR103 - Duplicate entry 'juan123' for key 'PRIMARY'
[2025-05-13T15:11:33.340842] ERR103 - Duplicate entry 'pepe123' for key 'PRIMARY'
[2025-05-13T15:11:44.194862400] ERR103 - Duplicate entry 'pepe123' for key 'PRIMARY'
[2025-05-13T15:15:27.407763200] ERR103 - Duplicate entry 'pepe123' for key 'PRIMARY'
[2025-05-13T15:16:39.109130] ERR103 - Duplicate entry 'pepe123' for key 'PRIMARY'
[2025-05-13T15:23:47.929125] ERR000 - Bloqueado para pruebas
[2025-05-13T15:24:12.941369400] ERR000 - Bloqueado para pruebas
[2025-05-13T15:24:17.321755300] ERR000 - Bloqueado para pruebas
[2025-05-13T15:26:39.986400] ERR000 - Bloqueado para pruebas
[2025-05-13T15:37:15.263789600] ERR107 - Bloqueado para pruebas
[2025-05-13T16:27:17.546927100] ERR001 - Campos vacíos
[2025-05-13T16:38:15.446314900] ERR201 - Acceso denegado por credenciales incorrectas
[2025-05-13T16:25:50.463267500] ERR001 - Campos vacíos
[2025-05-13T16:42:35.120416900] ERR001 - Campos vacíos
[2025-05-13T16:42:39.900629900] ERR201 - Acceso denegado por credenciales incorrectas
[2025-05-13T16:45:17.995542] ERR107 - Bloqueado para pruebas
[2025-05-13T17:22:37.403723200] ERR000 - For input string: ""
[2025-05-13T17:25:39.205157300] ERR000 - For input string: ""
[2025-05-13T17:29:55.157542300] ERR000 - For input string: ""
[2025-05-13T17:29:59.810254900] ERR000 - For input string: ""
[2025-05-13T17:30:01.383333] ERR000 - For input string: ""
[2025-05-13T17:30:13.151320400] ERR000 - Uncompilable code - 'catch' without 'try'
[2025-05-13T17:31:19.205601300] ERR000 - For input string: ""
[2025-05-13T17:31:33.831058800] ERR000 - For input string: ""
[2025-05-13T17:34:02.973587400] ERR000 - For input string: ""
[2025-05-13T17:34:08.638284500] ERR000 - For input string: ""
[2025-05-13T17:34:12.637198500] ERR000 - For input string: ""
[2025-05-13T17:34:46.902134900] ERR400 - 
[2025-05-13T17:34:59.160452300] ERR400 - 
[2025-05-13T17:35:03.317169600] ERR400 - 
[2025-05-13T17:35:28.963197100] ERR400 - 
[2025-05-13T17:35:36.963528200] ERR400 - 
[2025-05-13T17:35:42.008168800] ERR400 - 
[2025-05-13T17:38:12.172867100] ERR000 - For input string: ""
[2025-05-13T17:38:17.789646600] ERR000 - For input string: ""
[2025-05-13T17:38:19.807157300] ERR000 - For input string: ""
[2025-05-13T17:38:32.602036500] ERR400 - 
[2025-05-13T17:38:42.599244600] ERR400 - 
[2025-05-13T17:38:59.819074300] ERR400 - 
[2025-05-13T17:39:07.233792900] ERR400 - 
[2025-05-13T17:39:11.724738800] ERR400 - 
[2025-05-13T17:42:36.001779100] ERR400 - 
[2025-05-13T17:42:49.921433600] ERR400 - 
[2025-05-13T17:51:01.523688300] ERR000 - For input string: ""
[2025-05-13T17:53:28.275114300] ERR002 - For input string: ""
[2025-05-13T17:53:29.618253700] ERR000 - For input string: ""
[2025-05-13T17:55:24.886193600] ERR400 - 
[2025-05-13T17:59:55.532776100] ERR001 - Hay campos vacíos o fechas no seleccionadas.
[2025-05-13T18:06:44.489799700] ERR001 - Campos vacíos
[2025-05-13T18:06:54.115563700] ERR200 - El cliente con cédula 1010101010 no existe.
[2025-05-13T18:15:00.326491900] ERR200 - El cliente con cédula 10104045 no existe.
[2025-05-13T18:19:38.503094900] ERR400 - Error: Correo del cliente o monto de reserva no válido.
[2025-05-13T18:21:04.617478] ERR200 - El cliente con cédula 104645475 no existe.
[2025-05-13T18:57:38.931897800] ERR400 - Error: Correo del cliente o monto de reserva no válido.
[2025-05-13T18:57:48.873161800] ERR400 - Error: Correo del cliente o monto de reserva no válido.
[2025-05-13T19:19:55.436379800] ERR400 - Error: Correo del cliente o monto de reserva no válido.
[2025-05-13T19:25:01.238886700] ERR400 - Error: Correo del cliente o monto de reserva no válido.
[2025-05-13T19:40:20.595647200] ERR200 - El cliente con cédula 101010 no existe.
[2025-05-13T19:44:36.506629100] ERR101 - Campos vacíos
[2025-05-13T20:52:23.617538500] ERR200 - El cliente con cédula 1040 no existe.
[2025-05-13T20:52:26.335316200] ERR400 - Error: Correo del cliente o monto de reserva no válido.
[2025-05-13T20:52:39.101358300] ERR400 - Error: Correo del cliente o monto de reserva no válido.
[2025-05-13T20:52:53.365854700] ERR400 - Error: Correo del cliente o monto de reserva no válido.
[2025-05-13T21:38:53.199105300] ERR000 - "C:\Users\elian\Desktop\universidad proyectos\HOTEL2.1\HOTEL2.0\Facturas_factura_reserva_1070464473_2025-05-13.pdf (El nombre de archivo, el nombre de directorio o la sintaxis de la etiqueta del volumen no son correctos)
[2025-05-13T21:48:21.881590600] ERR000
[2025-05-13T21:48:57.471520900] ERR000
[2025-05-13T21:49:23.865541100] ERR000 - date must not be null
[2025-05-13T21:50:00.432272600] ERR000 - "C:\Users\elian\Desktop\universidad proyectos\HOTEL2.1\HOTEL2.0\Facturas_factura_reserva_1070464473_2025-05-13.pdf (El nombre de archivo, el nombre de directorio o la sintaxis de la etiqueta del volumen no son correctos)
[2025-05-13T21:52:51.058512300] ERR403 - date must not be null
[2025-05-13T21:54:59.979016900] ERR000 - date must not be null
[2025-05-13T21:59:39.170881100] ERR000 - date must not be null
[2025-05-13T21:59:47.754932300] ERR000 - date must not be null
[2025-05-13T21:59:54.242409700] ERR000 - "C:\Users\elian\Desktop\universidad proyectos\HOTEL2.1\HOTEL2.0\Facturas_factura_reserva_1070464473_2025-05-13.pdf (El nombre de archivo, el nombre de directorio o la sintaxis de la etiqueta del volumen no son correctos)
[2025-05-13T22:03:49.794308600] ERR000 - date must not be null
[2025-05-13T22:03:52.254693100] ERR000 - date must not be null
[2025-05-13T22:03:54.504596100] ERR000 - date must not be null
[2025-05-13T22:03:56.370584400] ERR000 - date must not be null
[2025-05-13T22:04:08.967609500] ERR000 - "C:\Users\elian\Desktop\universidad proyectos\HOTEL2.1\HOTEL2.0\Facturas_factura_reserva_1070464473_2025-05-13.pdf (El nombre de archivo, el nombre de directorio o la sintaxis de la etiqueta del volumen no son correctos)
[2025-05-13T22:12:49.035737] ERR000 - date must not be null
[2025-05-13T22:30:22.475864400] ERR403 - Datos incompletos para generar la factura. Verifica todos los campos.
[2025-05-13T22:35:05.384585800] ERR403 - Datos incompletos para generar la factura. Verifica todos los campos.
[2025-05-13T22:35:21.229095600] ERR403 - La ruta para guardar la factura no existe: C:\Users\elian\Desktop\universidad proyectos\HOTEL2.1\HOTEL2.0\hotel2.2\"C:\Users\elian\Desktop\universidad proyectos\HOTEL2.1\HOTEL2.0\Facturas_re"
[2025-05-13T22:39:18.758617500] ERR403 - Datos incompletos para generar la factura. Verifica todos los campos.
[2025-05-13T22:39:24.509892400] ERR403 - Datos incompletos para generar la factura. Verifica todos los campos.
[2025-05-13T22:52:48.828321100] ERR001 - Campos vacíos
[2025-05-13T22:52:53.555122200] ERR001 - Campos vacíos
[2025-05-14T18:32:16.641894600] ERR001 - Campos vacíos
[2025-05-14T18:32:22.518629800] ERR001 - Campos vacíos
[2025-05-14T18:32:30.708417900] ERR200 - El cliente con cédula 10 no existe.
[2025-05-14T18:47:05.864980100] ERR001 - Campos vacíos
[2025-05-14T18:47:10.648941300] ERR200 - El cliente con cédula 10 no existe.
[2025-05-14T19:17:56.542633300] ERR001 - Campos vacíos
[2025-05-14T19:22:59.032941100] ERR403 - Datos incompletos para generar la factura. Verifica todos los campos.
[2025-05-14T19:23:48.606726800] ERR403 - 
[2025-05-14T19:24:52.265465100] ERR403 - Datos incompletos para generar la factura. Verifica todos los campos.
[2025-05-14T19:25:01.540704700] ERR403 - Correo inválido. Verifica la dirección del cliente.
[2025-05-14T19:47:04.551764700] ERR000 - La fecha de salida debe ser posterior a la de entrada.
[2025-05-14T19:47:19.539101200] ERR001 - Campos vacíos
[2025-05-14T19:47:25.529675100] ERR000 - La fecha de salida debe ser posterior a la de entrada.
[2025-05-14T19:49:43.365976900] ERR000 - La fecha de salida debe ser posterior a la de entrada.
[2025-05-14T19:50:42.238039] ERR001 - Campos vacíos
[2025-05-14T19:50:50.354824500] ERR200 - El cliente con cédula 10704644 no existe.
[2025-05-14T19:50:55.402730800] ERR000 - La fecha de salida debe ser posterior a la de entrada.
[2025-05-14T19:56:45.070535200] ERR300 - La fecha de salida debe ser posterior a la de entrada.
[2025-05-14T20:45:10.292277200] ERR300 - La nueva fecha de entrada no puede ser anterior a la actual.
[2025-05-14T20:48:33.006931700] ERR100 - Communications link failure

The last packet sent successfully to the server was 0 milliseconds ago. The driver has not received any packets from the server.
[2025-05-14T20:48:37.105379900] ERR100 - Communications link failure

The last packet sent successfully to the server was 0 milliseconds ago. The driver has not received any packets from the server.
[2025-05-14T21:17:43.687824400] ERR001 - Campos vacíos
[2025-05-14T21:18:25.282666500] ERR001 - Campos vacíos
[2025-05-14T21:18:35.969543600] ERR002 - For input string: "j"
[2025-05-14T21:20:22.983475600] ERR001 - Todos los campos deben estar completos.
[2025-05-14T21:20:45.523681500] ERR001 - Todos los campos deben estar completos.
[2025-05-14T21:25:33.568992500] ERR001 - Campos obligatorios vacíos, diligéncielos por favor.
[2025-05-14T21:37:47.670062100] ERR001 - Campos obligatorios vacíos, diligéncielos por favor.
[2025-05-14T21:40:25.522653100] ERR001 - Campos vacíos
[2025-05-14T21:40:29.105519700] ERR200 - El cliente con cédula 45 no existe.
[2025-05-14T21:40:32.135707800] ERR200 - El cliente con cédula 45 no existe.
[2025-05-14T21:46:34.512226100] ERR001 - Todos los campos deben estar completos.
[2025-05-14T21:55:49.740323500] ERR200 - El cliente con cédula 11 no existe en la base de datos.
[2025-05-14T22:03:13.002547300] ERR001 - Campos vacíos
[2025-05-14T22:03:21.965239100] ERR001 - Campos vacíos
[2025-05-14T22:03:29.364688300] ERR200 - El cliente con cédula 11 no existe en la base de datos.
[2025-05-14T22:04:53.447676900] ERR001 - Campos vacíos
[2025-05-14T22:04:55.826579200] ERR001 - Todos los campos deben estar completos.
[2025-05-16T13:04:19.406324400] ERR100 - Communications link failure

The last packet sent successfully to the server was 0 milliseconds ago. The driver has not received any packets from the server.
[2025-05-16T13:04:23.499471500] ERR000 - Cannot invoke "java.sql.Connection.prepareStatement(String)" because "conn" is null
[2025-05-16T13:04:29.847218400] ERR100 - Communications link failure

The last packet sent successfully to the server was 0 milliseconds ago. The driver has not received any packets from the server.
[2025-05-16T13:04:31.016879300] ERR201 - Cannot invoke "java.sql.Connection.prepareStatement(String)" because "conn" is null
[2025-05-16T13:04:59.307837800] ERR201 - Acceso denegado por credenciales incorrectas
[2025-05-16T13:05:22.963023300] ERR200 - El cliente con cédula 1212 no existe.
[2025-05-16T13:07:46.882258300] ERR300 - La fecha de salida debe ser posterior a la de entrada.
[2025-05-16T13:08:32.447702800] ERR403 - Correo inválido. Verificar datos del cliente.
[2025-05-16T13:05:40.531328500] ERR300 - La fecha de salida debe ser posterior a la de entrada.
[2025-05-16T16:24:51.814907400] ERR300 - La fecha de entrada no puede ser anterior al día actual.
[2025-05-16T16:25:11.334368700] ERR300 - La fecha de salida debe ser posterior a la de entrada.
[2025-05-17T16:01:12.957188] ERR100 - Communications link failure

The last packet sent successfully to the server was 0 milliseconds ago. The driver has not received any packets from the server.
[2025-05-17T16:05:15.740023600] ERR001 - Campos vacíos
[2025-05-17T16:07:35.746390500] ERR001 - Campos vacíos
[2025-05-17T16:07:40.288564800] ERR200 - El cliente con cédula 14 no existe en la base de datos.
[2025-05-19T07:57:18.796047200] ERR001 - Campos vacíos
[2025-05-19T07:57:25.704880400] ERR201 - Acceso denegado por credenciales incorrectas
[2025-05-19T08:02:32.276560300] ERR001 - Campos vacíos
[2025-05-19T08:02:37.433396700] ERR201 - Acceso denegado por credenciales incorrectas
[2025-05-19T08:12:36.848740600] ERR102 - Table 'hotel.usuario' doesn't exist
[2025-05-19T08:12:38.348887400] ERR201 - Acceso denegado por credenciales incorrectas
[2025-05-20T07:43:12.729626900] ERR001 - Campos vacíos
[2025-05-20T07:43:48.039891600] ERR201 - Acceso denegado por credenciales incorrectas
[2025-05-20T07:57:32.518430300] ERR107 - Data truncation: Data too long for column 'apellido' at row 1
[2025-05-20T07:58:17.042186200] ERR107 - Data truncation: Data too long for column 'apellido' at row 1
[2025-05-21T16:00:57.590704] ERR201 - Acceso denegado por credenciales incorrectas
[2025-05-21T16:22:53.176285] ERR201 - Acceso denegado por credenciales incorrectas
[2025-05-21T16:44:43.231629500] ERR201 - Acceso denegado: clave incorrecta.
[2025-05-21T21:15:45.540619700] ERR300 - Por favor seleccione fechas válidas.
[2025-05-21T21:44:34.909786600] ERR300 - La nueva fecha de entrada no puede ser anterior a la actual.
[2025-05-21T21:44:44.983243800] ERR300 - La nueva fecha de entrada no puede ser anterior a la actual.
